<?xml version="1.0" encoding="UTF-8"?>
<!-- Generated by org.testng.reporters.JUnitReportReporter -->
<testsuite hostname="rjoshi-C02G509VMD6N" failures="0" tests="2" name="tests.SignUpScenario" time="6.641" errors="0" timestamp="2022-02-02T11:21:32 IST" skipped="0">
  <testcase classname="tests.SignUpScenario" name="verifySignUpwithUsedUsername" time="3.387"/>
  <system-out/>
  <testcase classname="tests.SignUpScenario" name="verifySignUpUser" time="3.254"/>
  <system-out/>
</testsuite> <!-- tests.SignUpScenario -->
