<?xml version="1.0" encoding="UTF-8"?>
<!-- Generated by org.testng.reporters.JUnitReportReporter -->
<testsuite hostname="rjoshi-C02G509VMD6N" failures="0" tests="1" name="tests.SignInScenario" time="4.712" errors="0" timestamp="2022-02-02T11:19:06 IST" skipped="0">
  <testcase classname="tests.SignInScenario" name="verifySignIn" time="4.712"/>
  <system-out/>
</testsuite> <!-- tests.SignInScenario -->
